Arguments: 
  /usr/local/bin/node /opt/facebook/fb-kpm/bin/yarn.js add twilio-node

PATH: 
  /opt/facebook/bin:/usr/local/bin:/usr/bin:/bin:/usr/sbin:/sbin:/opt/facebook/bin/biggrep:/opt/facebook/ops/scripts/chef:/opt/homebrew/bin:/usr/local/munki:/opt/facebook/hg/bin:/Library/Apple/usr/bin:/opt/android_sdk/tools:/opt/android_sdk/tools/bin:/opt/android_sdk/platform-tools:/opt/android_sdk/tools:/opt/android_sdk/tools/bin:/opt/android_sdk/platform-tools

Yarn version: 
  1.12.1

Node version: 
  12.13.1

Platform: 
  darwin x64

Trace: 
  Error: https://registry.yarnpkg.com/twilio-node: Not found
      at Request.params.callback [as _callback] (/opt/facebook/fb-kpm/lib/cli.js:63139:18)
      at Request.self.callback (/opt/facebook/fb-kpm/lib/cli.js:124547:22)
      at Request.emit (events.js:210:5)
      at Request.<anonymous> (/opt/facebook/fb-kpm/lib/cli.js:125519:10)
      at Request.emit (events.js:210:5)
      at IncomingMessage.<anonymous> (/opt/facebook/fb-kpm/lib/cli.js:125441:12)
      at Object.onceWrapper (events.js:299:28)
      at IncomingMessage.emit (events.js:215:7)
      at endReadableNT (_stream_readable.js:1184:12)
      at processTicksAndRejections (internal/process/task_queues.js:80:21)

npm manifest: 
  {
    "dependencies": {
      "node-fetch": "^2.6.1"
    }
  }

yarn manifest: 
  No manifest

Lockfile: 
  # THIS IS AN AUTOGENERATED FILE. DO NOT EDIT THIS FILE DIRECTLY.
  # yarn lockfile v1
  
  
  node-fetch@^2.6.1:
    version "2.6.1"
    resolved "https://registry.yarnpkg.com/node-fetch/-/node-fetch-2.6.1.tgz#045bd323631f76ed2e2b55573394416b639a0052"
    integrity sha512-V4aYg89jEoVRxRb2fJdAg8FHvI7cEyYdVAh94HH0UIK8oJxUfkjlDQN9RbMx+bEjP7+ggMiFRprSti032Oipxw==
